<?xml version="1.0" encoding="UTF-8"?>
<!-- Generated by org.testng.reporters.JUnitReportReporter -->
<testsuite hostname="DESKTOP-O7HFG9C" name="testNG.Gmail_Login_Logout" tests="1" failures="0" timestamp="11 Mar 2018 10:18:47 GMT" time="0.826" errors="0">
  <testcase name="verifyLogin" time="0.826" classname="testNG.Gmail_Login_Logout"/>
</testsuite> <!-- testNG.Gmail_Login_Logout -->
