<?xml version="1.0" encoding="UTF-8"?>
<!-- Generated by org.testng.reporters.JUnitReportReporter -->
<testsuite hostname="DESKTOP-O7HFG9C" name="testNG.Printingdropdownbuttons" tests="1" failures="0" timestamp="9 Mar 2018 14:39:58 GMT" time="0.284" errors="0">
  <testcase name="f" time="0.284" classname="testNG.Printingdropdownbuttons"/>
</testsuite> <!-- testNG.Printingdropdownbuttons -->
