<?xml version="1.0" encoding="UTF-8"?>
<!-- Generated by org.testng.reporters.JUnitReportReporter -->
<testsuite hostname="DESKTOP-O7HFG9C" name="testNG.Sample" tests="1" failures="0" timestamp="6 Mar 2018 08:43:46 GMT" time="1.065" errors="0">
  <testcase name="f" time="1.065" classname="testNG.Sample"/>
</testsuite> <!-- testNG.Sample -->
