<?xml version="1.0" encoding="UTF-8"?>
<!-- Generated by org.testng.reporters.JUnitReportReporter -->
<testsuite hostname="DESKTOP-O7HFG9C" name="sikuli.SBM_FSQS" tests="1" failures="0" timestamp="10 Mar 2018 10:45:49 GMT" time="4.830" errors="0">
  <testcase name="f" time="4.830" classname="sikuli.SBM_FSQS"/>
</testsuite> <!-- sikuli.SBM_FSQS -->
