<?xml version="1.0" encoding="UTF-8"?>
<!-- Generated by org.testng.reporters.JUnitReportReporter -->
<testsuite hostname="DESKTOP-O7HFG9C" name="testNG.spicejetpopup" tests="2" failures="0" timestamp="1 Mar 2018 13:50:06 GMT" time="15.964" errors="0">
  <testcase name="verifyalert" time="0.069" classname="testNG.spicejetpopup"/>
  <testcase name="f" time="15.895" classname="testNG.spicejetpopup"/>
</testsuite> <!-- testNG.spicejetpopup -->
