<?xml version="1.0" encoding="UTF-8"?>
<!-- Generated by org.testng.reporters.JUnitReportReporter -->
<testsuite hostname="DESKTOP-O7HFG9C" name="testNG.MouseOver_WD" tests="1" failures="0" timestamp="7 Mar 2018 11:18:06 GMT" time="12.431" errors="0">
  <testcase name="f" time="12.431" classname="testNG.MouseOver_WD"/>
</testsuite> <!-- testNG.MouseOver_WD -->
