<?xml version="1.0" encoding="UTF-8"?>
<!-- Generated by org.testng.reporters.JUnitReportReporter -->
<testsuite hostname="DESKTOP-O7HFG9C" name="testNG.NewTest" tests="1" failures="0" timestamp="28 Feb 2018 15:33:59 GMT" time="3.133" errors="0">
  <testcase name="f" time="3.133" classname="testNG.NewTest"/>
</testsuite> <!-- testNG.NewTest -->
