<?xml version="1.0" encoding="UTF-8"?>
<!-- Generated by org.testng.reporters.JUnitReportReporter -->
<testsuite hostname="DESKTOP-O7HFG9C" name="sikuli.Gmail_upload_Resume" tests="2" failures="0" timestamp="10 Mar 2018 10:26:11 GMT" time="7.265" errors="1">
  <testcase name="Verifylogin" time="3.706" classname="sikuli.Gmail_upload_Resume"/>
  <testcase name="uploadresume" time="3.559" classname="sikuli.Gmail_upload_Resume">
    <error type="org.sikuli.script.FindFailed" message="can not find E:\Eclips_Workspace.sikuli\1520327694664.png on the screen.">
      <![CDATA[FindFailed: can not find E:\Eclips_Workspace.sikuli\1520327694664.png on the screen.
  Line 1574, in file Region.java

	at org.sikuli.script.Region.handleFindFailed(Region.java:1574)
	at org.sikuli.script.Region.wait(Region.java:1682)
	at org.sikuli.script.Region.find(Region.java:1590)
	at org.sikuli.script.Region.getLocationFromTarget(Region.java:1991)
	at org.sikuli.script.Region.click(Region.java:2197)
	at org.sikuli.script.Region.click(Region.java:2181)
	at sikuli.Gmail_upload_Resume.uploadresume(Gmail_upload_Resume.java:23)
	at sun.reflect.NativeMethodAccessorImpl.invoke0(Native Method)
	at sun.reflect.NativeMethodAccessorImpl.invoke(Unknown Source)
	at sun.reflect.DelegatingMethodAccessorImpl.invoke(Unknown Source)
	at java.lang.reflect.Method.invoke(Unknown Source)
	at org.testng.internal.MethodInvocationHelper.invokeMethod(MethodInvocationHelper.java:85)
	at org.testng.internal.Invoker.invokeMethod(Invoker.java:639)
	at org.testng.internal.Invoker.invokeTestMethod(Invoker.java:816)
	at org.testng.internal.Invoker.invokeTestMethods(Invoker.java:1124)
	at org.testng.internal.TestMethodWorker.invokeTestMethods(TestMethodWorker.java:125)
	at org.testng.internal.TestMethodWorker.run(TestMethodWorker.java:108)
	at org.testng.TestRunner.privateRun(TestRunner.java:774)
	at org.testng.TestRunner.run(TestRunner.java:624)
	at org.testng.SuiteRunner.runTest(SuiteRunner.java:359)
	at org.testng.SuiteRunner.runSequentially(SuiteRunner.java:354)
	at org.testng.SuiteRunner.privateRun(SuiteRunner.java:312)
	at org.testng.SuiteRunner.run(SuiteRunner.java:261)
	at org.testng.SuiteRunnerWorker.runSuite(SuiteRunnerWorker.java:52)
	at org.testng.SuiteRunnerWorker.run(SuiteRunnerWorker.java:86)
	at org.testng.TestNG.runSuitesSequentially(TestNG.java:1215)
	at org.testng.TestNG.runSuitesLocally(TestNG.java:1140)
	at org.testng.TestNG.run(TestNG.java:1048)
	at org.testng.remote.AbstractRemoteTestNG.run(AbstractRemoteTestNG.java:114)
	at org.testng.remote.RemoteTestNG.initAndRun(RemoteTestNG.java:251)
	at org.testng.remote.RemoteTestNG.main(RemoteTestNG.java:77)
]]>
    </error>
  </testcase> <!-- uploadresume -->
</testsuite> <!-- sikuli.Gmail_upload_Resume -->
