<?xml version="1.0" encoding="UTF-8"?>
<!-- Generated by org.testng.reporters.JUnitReportReporter -->
<testsuite hostname="DESKTOP-O7HFG9C" name="testNG.Adultdropdown_default" tests="1" failures="0" timestamp="9 Mar 2018 12:08:26 GMT" time="0.264" errors="0">
  <testcase name="f" time="0.264" classname="testNG.Adultdropdown_default"/>
</testsuite> <!-- testNG.Adultdropdown_default -->
