<?xml version="1.0" encoding="UTF-8"?>
<!-- Generated by org.testng.reporters.JUnitReportReporter -->
<testsuite hostname="DESKTOP-O7HFG9C" name="IOstream.Login_TD" tests="1" failures="0" timestamp="27 Feb 2018 19:25:15 GMT" time="4.451" errors="0">
  <testcase name="f" time="4.451" classname="IOstream.Login_TD"/>
</testsuite> <!-- IOstream.Login_TD -->
