<?xml version="1.0" encoding="UTF-8"?>
<!-- Generated by org.testng.reporters.JUnitReportReporter -->
<testsuite hostname="DESKTOP-O7HFG9C" name="testNG.PrintDisplayname_Webtable" tests="1" failures="0" timestamp="9 Mar 2018 14:10:12 GMT" time="6.255" errors="0">
  <testcase name="f" time="6.255" classname="testNG.PrintDisplayname_Webtable"/>
</testsuite> <!-- testNG.PrintDisplayname_Webtable -->
