<?xml version="1.0" encoding="UTF-8"?>
<!-- Generated by org.testng.reporters.JUnitReportReporter -->
<testsuite hostname="DESKTOP-O7HFG9C" name="sikuli.Sample" tests="1" failures="0" timestamp="10 Mar 2018 10:46:25 GMT" time="1.162" errors="0">
  <testcase name="f" time="1.162" classname="sikuli.Sample"/>
</testsuite> <!-- sikuli.Sample -->
